AndroidApp/android/build/intermediates/manifest_merge_blame_file/debug/manifest-merger-blame-debug-report.txt
1<?xml version="1.0" encoding="utf-8"?>
2<manifest xmlns:android="http://schemas.android.com/apk/res/android"
3    package="io.grpc.examples.hello"
4    android:versionCode="1"
5    android:versionName="1.0" >
6
7    <uses-sdk
8        android:minSdkVersion="26"
8-->src\main\AndroidManifest.xml
9        android:targetSdkVersion="31" />
9-->src\main\AndroidManifest.xml
10
11    <uses-permission android:name="android.permission.INTERNET" />
11-->src\main\AndroidManifest.xml:4:5-66
11-->src\main\AndroidManifest.xml:4:22-64
12    <uses-permission android:name="android.permission.WRITE_EXTERNAL_STORAGE" />
13    <uses-permission android:name="android.permission.READ_PHONE_STATE" />
14    <uses-permission android:name="android.permission.READ_EXTERNAL_STORAGE" />
15
16    <application
16-->src\main\AndroidManifest.xml:6:5-25:19
17        android:allowBackup="true"
17-->src\main\AndroidManifest.xml:7:13-39
18        android:appComponentFactory="androidx.core.app.CoreComponentFactory"
18-->[androidx.core:core:1.7.0] AndroidManifest.xml:24:18-86
19        android:debuggable="true"
20        android:extractNativeLibs="false"
21        android:fullBackupContent="true"
21-->src\main\AndroidManifest.xml:8:13-45
22        android:icon="@android:drawable/btn_star"
22-->src\main\AndroidManifest.xml:9:13-54
23        android:label="@string/app_label" >
23-->src\main\AndroidManifest.xml:10:13-46
24        <activity
24-->src\main\AndroidManifest.xml:11:9-19:20
25            android:name="io.grpc.examples.helloworld.Login"
25-->src\main\AndroidManifest.xml:13:17-65
26            android:exported="true"
26-->src\main\AndroidManifest.xml:14:17-40
27            android:theme="@style/Theme.AppCompat.NoActionBar" >
27-->src\main\AndroidManifest.xml:12:17-67
28            <intent-filter>
28-->src\main\AndroidManifest.xml:15:13-18:29
29                <action android:name="android.intent.action.MAIN" />
29-->src\main\AndroidManifest.xml:16:17-68
29-->src\main\AndroidManifest.xml:16:25-66
30
31                <category android:name="android.intent.category.LAUNCHER" />
31-->src\main\AndroidManifest.xml:17:17-76
31-->src\main\AndroidManifest.xml:17:27-74
32            </intent-filter>
33        </activity>
34        <activity
34-->src\main\AndroidManifest.xml:20:9-24:20
35            android:name="io.grpc.examples.helloworld.MainActivity"
35-->src\main\AndroidManifest.xml:22:13-68
36            android:exported="true"
36-->src\main\AndroidManifest.xml:23:13-36
37            android:theme="@style/Theme.AppCompat.NoActionBar" >
37-->src\main\AndroidManifest.xml:21:13-63
38        </activity>
39        <activity
39-->[androidx.compose.ui:ui-tooling:1.1.1] AndroidManifest.xml:25:9-27:39
40            android:name="androidx.compose.ui.tooling.PreviewActivity"
40-->[androidx.compose.ui:ui-tooling:1.1.1] AndroidManifest.xml:26:13-71
41            android:exported="true" />
41-->[androidx.compose.ui:ui-tooling:1.1.1] AndroidManifest.xml:27:13-36
42
43        <provider
43-->[androidx.emoji2:emoji2:1.0.0] AndroidManifest.xml:26:9-34:20
44            android:name="androidx.startup.InitializationProvider"
44-->[androidx.emoji2:emoji2:1.0.0] AndroidManifest.xml:27:13-67
45            android:authorities="io.grpc.examples.hello.androidx-startup"
45-->[androidx.emoji2:emoji2:1.0.0] AndroidManifest.xml:28:13-68
46            android:exported="false" >
46-->[androidx.emoji2:emoji2:1.0.0] AndroidManifest.xml:29:13-37
47            <meta-data
47-->[androidx.emoji2:emoji2:1.0.0] AndroidManifest.xml:31:13-33:52
48                android:name="androidx.emoji2.text.EmojiCompatInitializer"
48-->[androidx.emoji2:emoji2:1.0.0] AndroidManifest.xml:32:17-75
49                android:value="androidx.startup" />
49-->[androidx.emoji2:emoji2:1.0.0] AndroidManifest.xml:33:17-49
50            <meta-data
50-->[androidx.profileinstaller:profileinstaller:1.1.0] AndroidManifest.xml:31:13-33:52
51                android:name="androidx.profileinstaller.ProfileInstallerInitializer"
51-->[androidx.profileinstaller:profileinstaller:1.1.0] AndroidManifest.xml:32:17-85
52                android:value="androidx.startup" />
52-->[androidx.profileinstaller:profileinstaller:1.1.0] AndroidManifest.xml:33:17-49
53            <meta-data
53-->[androidx.lifecycle:lifecycle-process:2.4.0] AndroidManifest.xml:31:13-33:52
54                android:name="androidx.lifecycle.ProcessLifecycleInitializer"
54-->[androidx.lifecycle:lifecycle-process:2.4.0] AndroidManifest.xml:32:17-78
55                android:value="androidx.startup" />
55-->[androidx.lifecycle:lifecycle-process:2.4.0] AndroidManifest.xml:33:17-49
56        </provider>
57
58        <receiver
58-->[androidx.profileinstaller:profileinstaller:1.1.0] AndroidManifest.xml:36:9-45:20
59            android:name="androidx.profileinstaller.ProfileInstallReceiver"
59-->[androidx.profileinstaller:profileinstaller:1.1.0] AndroidManifest.xml:37:13-76
60            android:directBootAware="false"
60-->[androidx.profileinstaller:profileinstaller:1.1.0] AndroidManifest.xml:38:13-44
61            android:enabled="true"
61-->[androidx.profileinstaller:profileinstaller:1.1.0] AndroidManifest.xml:39:13-35
62            android:exported="true"
62-->[androidx.profileinstaller:profileinstaller:1.1.0] AndroidManifest.xml:40:13-36
63            android:permission="android.permission.DUMP" >
63-->[androidx.profileinstaller:profileinstaller:1.1.0] AndroidManifest.xml:41:13-57
64            <intent-filter>
64-->[androidx.profileinstaller:profileinstaller:1.1.0] AndroidManifest.xml:42:13-44:29
65                <action android:name="androidx.profileinstaller.action.INSTALL_PROFILE" />
65-->[androidx.profileinstaller:profileinstaller:1.1.0] AndroidManifest.xml:43:17-91
65-->[androidx.profileinstaller:profileinstaller:1.1.0] AndroidManifest.xml:43:25-88
66            </intent-filter>
67        </receiver>
68    </application>
69
70</manifest>